07-20 17:05:16 com_github_MitjaNemec_PlaceFootprints.action_place_footprints 674:Plugin executed on: 'linux'
07-20 17:05:16 com_github_MitjaNemec_PlaceFootprints.action_place_footprints 675:Plugin executed with python version: '3.13.5 (main, Jun 21 2025, 01:04:42) [GCC 14.2.1 20250405]'
07-20 17:05:16 com_github_MitjaNemec_PlaceFootprints.action_place_footprints 676:KiCad build version: 9.0.3
07-20 17:05:16 com_github_MitjaNemec_PlaceFootprints.action_place_footprints 677:Plugin version: 4.0.1
07-20 17:05:16 com_github_MitjaNemec_PlaceFootprints.action_place_footprints 678:Frame repr: <wx._core.Frame object at 0x7f6d0c9fcb00>
07-20 17:05:16 com_github_MitjaNemec_PlaceFootprints.place_footprints 121:getting a list of all footprints on board
07-20 17:05:16 com_github_MitjaNemec_PlaceFootprints.place_footprints 156:Footprint USB101 on root level
07-20 17:05:16 com_github_MitjaNemec_PlaceFootprints.place_footprints 156:Footprint Q107 on root level
07-20 17:05:16 com_github_MitjaNemec_PlaceFootprints.place_footprints 156:Footprint Q103 on root level
07-20 17:05:16 com_github_MitjaNemec_PlaceFootprints.place_footprints 156:Footprint Y101 on root level
07-20 17:05:16 com_github_MitjaNemec_PlaceFootprints.place_footprints 156:Footprint C101 on root level
07-20 17:05:16 com_github_MitjaNemec_PlaceFootprints.place_footprints 156:Footprint BT101 on root level
07-20 17:05:16 com_github_MitjaNemec_PlaceFootprints.place_footprints 156:Footprint U102 on root level
07-20 17:05:16 com_github_MitjaNemec_PlaceFootprints.place_footprints 156:Footprint U107 on root level
07-20 17:05:16 com_github_MitjaNemec_PlaceFootprints.place_footprints 156:Footprint R103 on root level
07-20 17:05:16 com_github_MitjaNemec_PlaceFootprints.place_footprints 156:Footprint D106 on root level
07-20 17:05:16 com_github_MitjaNemec_PlaceFootprints.place_footprints 156:Footprint TP101 on root level
07-20 17:05:16 com_github_MitjaNemec_PlaceFootprints.place_footprints 156:Footprint L101 on root level
07-20 17:05:16 com_github_MitjaNemec_PlaceFootprints.place_footprints 156:Footprint R109 on root level
07-20 17:05:16 com_github_MitjaNemec_PlaceFootprints.place_footprints 156:Footprint R114 on root level
07-20 17:05:16 com_github_MitjaNemec_PlaceFootprints.place_footprints 156:Footprint TP102 on root level
07-20 17:05:16 com_github_MitjaNemec_PlaceFootprints.place_footprints 156:Footprint C114 on root level
07-20 17:05:16 com_github_MitjaNemec_PlaceFootprints.place_footprints 156:Footprint R106 on root level
07-20 17:05:16 com_github_MitjaNemec_PlaceFootprints.place_footprints 156:Footprint C110 on root level
07-20 17:05:16 com_github_MitjaNemec_PlaceFootprints.place_footprints 156:Footprint U101 on root level
07-20 17:05:16 com_github_MitjaNemec_PlaceFootprints.place_footprints 156:Footprint R113 on root level
07-20 17:05:16 com_github_MitjaNemec_PlaceFootprints.place_footprints 156:Footprint D103 on root level
07-20 17:05:16 com_github_MitjaNemec_PlaceFootprints.place_footprints 156:Footprint J102 on root level
07-20 17:05:16 com_github_MitjaNemec_PlaceFootprints.place_footprints 156:Footprint C106 on root level
07-20 17:05:16 com_github_MitjaNemec_PlaceFootprints.place_footprints 156:Footprint L102 on root level
07-20 17:05:16 com_github_MitjaNemec_PlaceFootprints.place_footprints 156:Footprint F101 on root level
07-20 17:05:16 com_github_MitjaNemec_PlaceFootprints.place_footprints 156:Footprint U104 on root level
07-20 17:05:16 com_github_MitjaNemec_PlaceFootprints.place_footprints 156:Footprint R111 on root level
07-20 17:05:16 com_github_MitjaNemec_PlaceFootprints.place_footprints 156:Footprint R108 on root level
07-20 17:05:16 com_github_MitjaNemec_PlaceFootprints.place_footprints 156:Footprint R107 on root level
07-20 17:05:16 com_github_MitjaNemec_PlaceFootprints.place_footprints 156:Footprint U105 on root level
07-20 17:05:16 com_github_MitjaNemec_PlaceFootprints.place_footprints 156:Footprint C104 on root level
07-20 17:05:16 com_github_MitjaNemec_PlaceFootprints.place_footprints 156:Footprint R112 on root level
07-20 17:05:16 com_github_MitjaNemec_PlaceFootprints.place_footprints 156:Footprint C103 on root level
07-20 17:05:16 com_github_MitjaNemec_PlaceFootprints.place_footprints 156:Footprint Q106 on root level
07-20 17:05:16 com_github_MitjaNemec_PlaceFootprints.place_footprints 156:Footprint R101 on root level
07-20 17:05:16 com_github_MitjaNemec_PlaceFootprints.place_footprints 156:Footprint D104 on root level
07-20 17:05:16 com_github_MitjaNemec_PlaceFootprints.place_footprints 156:Footprint J103 on root level
07-20 17:05:16 com_github_MitjaNemec_PlaceFootprints.place_footprints 156:Footprint C108 on root level
07-20 17:05:16 com_github_MitjaNemec_PlaceFootprints.place_footprints 156:Footprint C111 on root level
07-20 17:05:16 com_github_MitjaNemec_PlaceFootprints.place_footprints 156:Footprint TP104 on root level
07-20 17:05:16 com_github_MitjaNemec_PlaceFootprints.place_footprints 156:Footprint C113 on root level
07-20 17:05:16 com_github_MitjaNemec_PlaceFootprints.place_footprints 156:Footprint R110 on root level
07-20 17:05:16 com_github_MitjaNemec_PlaceFootprints.place_footprints 156:Footprint C109 on root level
07-20 17:05:16 com_github_MitjaNemec_PlaceFootprints.place_footprints 156:Footprint L103 on root level
07-20 17:05:16 com_github_MitjaNemec_PlaceFootprints.place_footprints 156:Footprint D105 on root level
07-20 17:05:16 com_github_MitjaNemec_PlaceFootprints.place_footprints 156:Footprint D101 on root level
07-20 17:05:16 com_github_MitjaNemec_PlaceFootprints.place_footprints 156:Footprint R102 on root level
07-20 17:05:16 com_github_MitjaNemec_PlaceFootprints.place_footprints 156:Footprint Q101 on root level
07-20 17:05:16 com_github_MitjaNemec_PlaceFootprints.place_footprints 156:Footprint D102 on root level
07-20 17:05:16 com_github_MitjaNemec_PlaceFootprints.place_footprints 156:Footprint C102 on root level
07-20 17:05:16 com_github_MitjaNemec_PlaceFootprints.place_footprints 156:Footprint R105 on root level
07-20 17:05:16 com_github_MitjaNemec_PlaceFootprints.place_footprints 156:Footprint Q104 on root level
07-20 17:05:16 com_github_MitjaNemec_PlaceFootprints.place_footprints 156:Footprint TP103 on root level
07-20 17:05:16 com_github_MitjaNemec_PlaceFootprints.place_footprints 156:Footprint Q102 on root level
07-20 17:05:16 com_github_MitjaNemec_PlaceFootprints.place_footprints 156:Footprint U103 on root level
07-20 17:05:16 com_github_MitjaNemec_PlaceFootprints.place_footprints 156:Footprint C112 on root level
07-20 17:05:16 com_github_MitjaNemec_PlaceFootprints.place_footprints 156:Footprint U106 on root level
07-20 17:05:16 com_github_MitjaNemec_PlaceFootprints.place_footprints 156:Footprint C107 on root level
07-20 17:05:16 com_github_MitjaNemec_PlaceFootprints.place_footprints 156:Footprint C105 on root level
07-20 17:05:16 com_github_MitjaNemec_PlaceFootprints.place_footprints 156:Footprint R104 on root level
07-20 17:05:16 com_github_MitjaNemec_PlaceFootprints.place_footprints 156:Footprint Q105 on root level
07-20 17:05:16 com_github_MitjaNemec_PlaceFootprints.action_place_footprints 717:Reference footprint='C201'
07-20 17:05:18 com_github_MitjaNemec_PlaceFootprints.action_place_footprints 858:Reference designator is: C
07-20 17:05:18 com_github_MitjaNemec_PlaceFootprints.action_place_footprints 859:Reference number is: 201
07-20 17:05:18 com_github_MitjaNemec_PlaceFootprints.action_place_footprints 891:Sorted and filtered list:
['C201', 'C202', 'C203', 'C204', 'C205', 'C206', 'C207', 'C208', 'C209', 'C210', 'C211', 'C212', 'C213', 'C214', 'C215', 'C216', 'C217', 'C218', 'C219']
07-20 17:05:18 com_github_MitjaNemec_PlaceFootprints.action_place_footprints 376:wx.Colour(53, 53, 53, 255)
07-20 17:05:19 com_github_MitjaNemec_PlaceFootprints.action_place_footprints 507:'20'
07-20 17:05:19 com_github_MitjaNemec_PlaceFootprints.action_place_footprints 566:Preparing config for reference matrix
07-20 17:05:19 com_github_MitjaNemec_PlaceFootprints.action_place_footprints 573:Saving config file
07-20 17:05:19 com_github_MitjaNemec_PlaceFootprints.action_place_footprints 575:Saved the config file
07-20 17:05:19 com_github_MitjaNemec_PlaceFootprints.action_place_footprints 929:Footprints to place:
['C201', 'C202', 'C203', 'C204', 'C205', 'C206', 'C207', 'C208', 'C209', 'C210', 'C211', 'C212', 'C213', 'C214', 'C215', 'C216', 'C217', 'C218', 'C219']
07-20 17:05:19 com_github_MitjaNemec_PlaceFootprints.place_footprints 427:Starting placing with matrix layout
07-20 17:05:19 com_github_MitjaNemec_PlaceFootprints.action_place_footprints 999:Placing complete
